<?xml version="1.0" encoding="UTF-8"?>
<testsuite xmlns:xsi="http://www.w3.org/2001/XMLSchema-instance" xsi:noNamespaceSchemaLocation="https://maven.apache.org/surefire/maven-surefire-plugin/xsd/surefire-test-report-3.0.xsd" version="3.0" name="TestSuite" time="25.817" tests="5" errors="0" skipped="0" failures="1">
  <properties>
    <property name="gopherProxySet" value="false"/>
    <property name="awt.toolkit" value="sun.lwawt.macosx.LWCToolkit"/>
    <property name="java.specification.version" value="11"/>
    <property name="sun.cpu.isalist" value=""/>
    <property name="sun.jnu.encoding" value="UTF-8"/>
    <property name="java.class.path" value="/Users/ymunt/Documents/Projects/jsonplaceholder-api/target/test-classes:/Users/ymunt/Documents/Projects/jsonplaceholder-api/target/classes:/Users/ymunt/.m2/repository/org/testng/testng/6.8.8/testng-6.8.8.jar:/Users/ymunt/.m2/repository/org/beanshell/bsh/2.0b4/bsh-2.0b4.jar:/Users/ymunt/.m2/repository/com/beust/jcommander/1.27/jcommander-1.27.jar:/Users/ymunt/.m2/repository/org/apache/logging/log4j/log4j-api/2.13.1/log4j-api-2.13.1.jar:/Users/ymunt/.m2/repository/org/apache/logging/log4j/log4j-core/2.13.1/log4j-core-2.13.1.jar:/Users/ymunt/.m2/repository/org/assertj/assertj-core/3.15.0/assertj-core-3.15.0.jar:/Users/ymunt/.m2/repository/org/assertj/assertj-guava/3.3.0/assertj-guava-3.3.0.jar:/Users/ymunt/.m2/repository/io/rest-assured/rest-assured/4.3.0/rest-assured-4.3.0.jar:/Users/ymunt/.m2/repository/org/codehaus/groovy/groovy/3.0.2/groovy-3.0.2.jar:/Users/ymunt/.m2/repository/org/codehaus/groovy/groovy-xml/3.0.2/groovy-xml-3.0.2.jar:/Users/ymunt/.m2/repository/org/apache/httpcomponents/httpclient/4.5.3/httpclient-4.5.3.jar:/Users/ymunt/.m2/repository/org/apache/httpcomponents/httpcore/4.4.6/httpcore-4.4.6.jar:/Users/ymunt/.m2/repository/commons-logging/commons-logging/1.2/commons-logging-1.2.jar:/Users/ymunt/.m2/repository/commons-codec/commons-codec/1.9/commons-codec-1.9.jar:/Users/ymunt/.m2/repository/org/apache/httpcomponents/httpmime/4.5.3/httpmime-4.5.3.jar:/Users/ymunt/.m2/repository/org/hamcrest/hamcrest/2.1/hamcrest-2.1.jar:/Users/ymunt/.m2/repository/org/ccil/cowan/tagsoup/tagsoup/1.2.1/tagsoup-1.2.1.jar:/Users/ymunt/.m2/repository/io/rest-assured/json-path/4.3.0/json-path-4.3.0.jar:/Users/ymunt/.m2/repository/org/codehaus/groovy/groovy-json/3.0.2/groovy-json-3.0.2.jar:/Users/ymunt/.m2/repository/io/rest-assured/rest-assured-common/4.3.0/rest-assured-common-4.3.0.jar:/Users/ymunt/.m2/repository/io/rest-assured/xml-path/4.3.0/xml-path-4.3.0.jar:/Users/ymunt/.m2/repository/org/apache/commons/commons-lang3/3.4/commons-lang3-3.4.jar:/Users/ymunt/.m2/repository/jakarta/xml/bind/jakarta.xml.bind-api/2.3.2/jakarta.xml.bind-api-2.3.2.jar:/Users/ymunt/.m2/repository/jakarta/activation/jakarta.activation-api/1.2.1/jakarta.activation-api-1.2.1.jar:/Users/ymunt/.m2/repository/com/sun/xml/bind/jaxb-osgi/2.3.0.1/jaxb-osgi-2.3.0.1.jar:/Users/ymunt/.m2/repository/org/apache/sling/org.apache.sling.javax.activation/0.1.0/org.apache.sling.javax.activation-0.1.0.jar:/Users/ymunt/.m2/repository/javax/activation/activation/1.1.1/activation-1.1.1.jar:/Users/ymunt/.m2/repository/com/fasterxml/jackson/core/jackson-databind/2.10.3/jackson-databind-2.10.3.jar:/Users/ymunt/.m2/repository/com/fasterxml/jackson/core/jackson-core/2.10.3/jackson-core-2.10.3.jar:/Users/ymunt/.m2/repository/com/fasterxml/jackson/core/jackson-annotations/2.10.3/jackson-annotations-2.10.3.jar:"/>
    <property name="java.vm.vendor" value="Amazon.com Inc."/>
    <property name="sun.arch.data.model" value="64"/>
    <property name="java.vendor.url" value="https://aws.amazon.com/corretto/"/>
    <property name="user.timezone" value="Europe/Kiev"/>
    <property name="java.vm.specification.version" value="11"/>
    <property name="os.name" value="Mac OS X"/>
    <property name="sun.java.launcher" value="SUN_STANDARD"/>
    <property name="user.country" value="UA"/>
    <property name="sun.boot.library.path" value="/Library/Java/JavaVirtualMachines/amazon-corretto-11.jdk/Contents/Home/lib"/>
    <property name="sun.java.command" value="/Users/ymunt/Documents/Projects/jsonplaceholder-api/target/surefire/surefirebooter8310234752021887694.jar /Users/ymunt/Documents/Projects/jsonplaceholder-api/target/surefire 2020-06-07T11-31-52_254-jvmRun1 surefire12721621929598980963tmp surefire_07735031514611066446tmp"/>
    <property name="http.nonProxyHosts" value="local|*.local|169.254/16|*.169.254/16"/>
    <property name="jdk.debug" value="release"/>
    <property name="surefire.test.class.path" value="/Users/ymunt/Documents/Projects/jsonplaceholder-api/target/test-classes:/Users/ymunt/Documents/Projects/jsonplaceholder-api/target/classes:/Users/ymunt/.m2/repository/org/testng/testng/6.8.8/testng-6.8.8.jar:/Users/ymunt/.m2/repository/org/beanshell/bsh/2.0b4/bsh-2.0b4.jar:/Users/ymunt/.m2/repository/com/beust/jcommander/1.27/jcommander-1.27.jar:/Users/ymunt/.m2/repository/org/apache/logging/log4j/log4j-api/2.13.1/log4j-api-2.13.1.jar:/Users/ymunt/.m2/repository/org/apache/logging/log4j/log4j-core/2.13.1/log4j-core-2.13.1.jar:/Users/ymunt/.m2/repository/org/assertj/assertj-core/3.15.0/assertj-core-3.15.0.jar:/Users/ymunt/.m2/repository/org/assertj/assertj-guava/3.3.0/assertj-guava-3.3.0.jar:/Users/ymunt/.m2/repository/io/rest-assured/rest-assured/4.3.0/rest-assured-4.3.0.jar:/Users/ymunt/.m2/repository/org/codehaus/groovy/groovy/3.0.2/groovy-3.0.2.jar:/Users/ymunt/.m2/repository/org/codehaus/groovy/groovy-xml/3.0.2/groovy-xml-3.0.2.jar:/Users/ymunt/.m2/repository/org/apache/httpcomponents/httpclient/4.5.3/httpclient-4.5.3.jar:/Users/ymunt/.m2/repository/org/apache/httpcomponents/httpcore/4.4.6/httpcore-4.4.6.jar:/Users/ymunt/.m2/repository/commons-logging/commons-logging/1.2/commons-logging-1.2.jar:/Users/ymunt/.m2/repository/commons-codec/commons-codec/1.9/commons-codec-1.9.jar:/Users/ymunt/.m2/repository/org/apache/httpcomponents/httpmime/4.5.3/httpmime-4.5.3.jar:/Users/ymunt/.m2/repository/org/hamcrest/hamcrest/2.1/hamcrest-2.1.jar:/Users/ymunt/.m2/repository/org/ccil/cowan/tagsoup/tagsoup/1.2.1/tagsoup-1.2.1.jar:/Users/ymunt/.m2/repository/io/rest-assured/json-path/4.3.0/json-path-4.3.0.jar:/Users/ymunt/.m2/repository/org/codehaus/groovy/groovy-json/3.0.2/groovy-json-3.0.2.jar:/Users/ymunt/.m2/repository/io/rest-assured/rest-assured-common/4.3.0/rest-assured-common-4.3.0.jar:/Users/ymunt/.m2/repository/io/rest-assured/xml-path/4.3.0/xml-path-4.3.0.jar:/Users/ymunt/.m2/repository/org/apache/commons/commons-lang3/3.4/commons-lang3-3.4.jar:/Users/ymunt/.m2/repository/jakarta/xml/bind/jakarta.xml.bind-api/2.3.2/jakarta.xml.bind-api-2.3.2.jar:/Users/ymunt/.m2/repository/jakarta/activation/jakarta.activation-api/1.2.1/jakarta.activation-api-1.2.1.jar:/Users/ymunt/.m2/repository/com/sun/xml/bind/jaxb-osgi/2.3.0.1/jaxb-osgi-2.3.0.1.jar:/Users/ymunt/.m2/repository/org/apache/sling/org.apache.sling.javax.activation/0.1.0/org.apache.sling.javax.activation-0.1.0.jar:/Users/ymunt/.m2/repository/javax/activation/activation/1.1.1/activation-1.1.1.jar:/Users/ymunt/.m2/repository/com/fasterxml/jackson/core/jackson-databind/2.10.3/jackson-databind-2.10.3.jar:/Users/ymunt/.m2/repository/com/fasterxml/jackson/core/jackson-core/2.10.3/jackson-core-2.10.3.jar:/Users/ymunt/.m2/repository/com/fasterxml/jackson/core/jackson-annotations/2.10.3/jackson-annotations-2.10.3.jar:"/>
    <property name="sun.cpu.endian" value="little"/>
    <property name="user.home" value="/Users/ymunt"/>
    <property name="user.language" value="en"/>
    <property name="java.specification.vendor" value="Oracle Corporation"/>
    <property name="java.version.date" value="2019-10-15"/>
    <property name="java.home" value="/Library/Java/JavaVirtualMachines/amazon-corretto-11.jdk/Contents/Home"/>
    <property name="file.separator" value="/"/>
    <property name="basedir" value="/Users/ymunt/Documents/Projects/jsonplaceholder-api"/>
    <property name="java.vm.compressedOopsMode" value="Zero based"/>
    <property name="line.separator" value="&#10;"/>
    <property name="java.specification.name" value="Java Platform API Specification"/>
    <property name="java.vm.specification.vendor" value="Oracle Corporation"/>
    <property name="java.awt.graphicsenv" value="sun.awt.CGraphicsEnvironment"/>
    <property name="surefire.real.class.path" value="/Users/ymunt/Documents/Projects/jsonplaceholder-api/target/surefire/surefirebooter8310234752021887694.jar"/>
    <property name="sun.management.compiler" value="HotSpot 64-Bit Tiered Compilers"/>
    <property name="ftp.nonProxyHosts" value="local|*.local|169.254/16|*.169.254/16"/>
    <property name="java.runtime.version" value="11.0.5+10-LTS"/>
    <property name="user.name" value="ymunt"/>
    <property name="path.separator" value=":"/>
    <property name="os.version" value="10.14.6"/>
    <property name="java.runtime.name" value="OpenJDK Runtime Environment"/>
    <property name="file.encoding" value="UTF-8"/>
    <property name="java.vm.name" value="OpenJDK 64-Bit Server VM"/>
    <property name="java.vendor.version" value="Corretto-11.0.5.10.2"/>
    <property name="localRepository" value="/Users/ymunt/.m2/repository"/>
    <property name="java.vendor.url.bug" value="https://github.com/corretto/corretto-11/issues/"/>
    <property name="java.io.tmpdir" value="/var/folders/09/7f0dtkvj5qg68ft2vsv7dkx414xr1q/T/"/>
    <property name="java.version" value="11.0.5"/>
    <property name="user.dir" value="/Users/ymunt/Documents/Projects/jsonplaceholder-api"/>
    <property name="os.arch" value="x86_64"/>
    <property name="java.vm.specification.name" value="Java Virtual Machine Specification"/>
    <property name="java.awt.printerjob" value="sun.lwawt.macosx.CPrinterJob"/>
    <property name="sun.os.patch.level" value="unknown"/>
    <property name="java.library.path" value="/Users/ymunt/Library/Java/Extensions:/Library/Java/Extensions:/Network/Library/Java/Extensions:/System/Library/Java/Extensions:/usr/lib/java:."/>
    <property name="java.vendor" value="Amazon.com Inc."/>
    <property name="java.vm.info" value="mixed mode"/>
    <property name="java.vm.version" value="11.0.5+10-LTS"/>
    <property name="sun.io.unicode.encoding" value="UnicodeBig"/>
    <property name="java.class.version" value="55.0"/>
    <property name="socksNonProxyHosts" value="local|*.local|169.254/16|*.169.254/16"/>
  </properties>
  <testcase name="successfulUserUpdate" classname="org.softserve.edu.UpdateUserDataDTO" time="15.845"/>
  <testcase name="updateUserWithInvalidID" classname="org.softserve.edu.UpdateUserDataDTO" time="8.921">
    <failure message="1 expectation failed.&#10;Expected status code &lt;404&gt; but was &lt;500&gt;.&#10;" type="java.lang.AssertionError"><![CDATA[java.lang.AssertionError: 
1 expectation failed.
Expected status code <404> but was <500>.

	at org.softserve.edu.UpdateUserDataDTO.updateUserWithInvalidID(UpdateUserDataDTO.java:139)
]]></failure>
  </testcase>
  <testcase name="successfulCreateNewUser" classname="org.softserve.edu.CreateUserDataDTO" time="0.079"/>
  <testcase name="countUsersInResponseList" classname="org.softserve.edu.GetUserDataDTO" time="0.142"/>
  <testcase name="getUserDataById" classname="org.softserve.edu.GetUserDataDTO" time="0.17"/>
</testsuite>