<?xml version="1.0" encoding="UTF-8"?>
<!-- Generated by org.testng.reporters.JUnitReportReporter -->
<testsuite hostname="macbook54074" failures="0" tests="1" name="org.softserve.edu.CreateUserDataDTO" time="0.033" errors="0" timestamp="7 Jun 2020 08:32:18 GMT">
  <testcase classname="org.softserve.edu.CreateUserDataDTO" name="successfulCreateNewUser" time="0.033"/>
</testsuite> <!-- org.softserve.edu.CreateUserDataDTO -->
