<?xml version="1.0" encoding="UTF-8"?>
<!-- Generated by org.testng.reporters.JUnitReportReporter -->
<testsuite hostname="macbook54074" failures="0" tests="2" name="org.softserve.edu.GetUserDataDTO" time="0.355" errors="0" timestamp="7 Jun 2020 08:32:18 GMT">
  <testcase classname="org.softserve.edu.GetUserDataDTO" name="getUserDataById" time="0.170"/>
  <testcase classname="org.softserve.edu.GetUserDataDTO" name="countUsersInResponseList" time="0.185"/>
</testsuite> <!-- org.softserve.edu.GetUserDataDTO -->
